<?xml version="1.0" encoding="utf-8"?><testsuites><testsuite name="pytest" errors="0" failures="0" skipped="1" tests="11" time="0.066" timestamp="2024-10-03T12:02:52.586837-04:00" hostname="Jinal"><testcase classname="test_pytest_examples.TestPytestExamples" name="test_basic_example" time="0.001" /><testcase classname="test_pytest_examples.TestPytestExamples" name="test_with_fixture" time="0.001" /><testcase classname="test_pytest_examples.TestPytestExamples" name="test_parametrize[3-3_0]" time="0.001" /><testcase classname="test_pytest_examples.TestPytestExamples" name="test_parametrize[4-4]" time="0.001" /><testcase classname="test_pytest_examples.TestPytestExamples" name="test_parametrize[3-3_1]" time="0.001" /><testcase classname="test_pytest_examples.TestPytestExamples" name="test_string_upper" time="0.000" /><testcase classname="test_pytest_examples.TestPytestExamples" name="test_string_isupper" time="0.001" /><testcase classname="test_pytest_examples.TestPytestExamples" name="test_string_split" time="0.001" /><testcase classname="test_pytest_examples.TestPytestExamples" name="test_skip_example" time="0.003"><skipped type="pytest.skip" message="Feature not yet implemented">C:\Automation\playwright-python\test_pytest_examples.py:40: Feature not yet implemented</skipped></testcase><testcase classname="test_pytest_examples.TestPytestExamples" name="test_raises_exception" time="0.001" /><testcase classname="test_pytest_examples.TestPytestExamples" name="test_screenshot_functionality" time="0.001" /></testsuite></testsuites>